<?xml version="1.0" encoding="UTF-8"?>
<!-- Generated by org.testng.reporters.JUnitReportReporter -->
<testsuite hostname="DESKTOP-CJN9AFV" failures="0" tests="2" name="com.thetestingacademy.tests.vwo.pageObjectModelTC.TestVWOLogin_03_Prop_Improved_POM" time="27.750" errors="0" timestamp="2025-10-09T23:03:02 IST" skipped="0">
  <testcase classname="com.thetestingacademy.tests.vwo.pageObjectModelTC.TestVWOLogin_03_Prop_Improved_POM" name="testLoginPositiveVWO" time="16.470"/>
  <testcase classname="com.thetestingacademy.tests.vwo.pageObjectModelTC.TestVWOLogin_03_Prop_Improved_POM" name="test_negative_vwo_login" time="11.280"/>
</testsuite> <!-- com.thetestingacademy.tests.vwo.pageObjectModelTC.TestVWOLogin_03_Prop_Improved_POM -->
