<?xml version="1.0" encoding="UTF-8"?>
<!-- Generated by org.testng.reporters.JUnitReportReporter -->
<testsuite hostname="DESKTOP-CJN9AFV" failures="0" tests="20" name="com.thetestingacademy.tests.vwo.DataDrivenTesting.DataDrivenTesting" time="190.583" errors="0" timestamp="2025-10-09T23:09:37 IST" skipped="0">
  <testcase classname="com.thetestingacademy.tests.vwo.DataDrivenTesting.DataDrivenTesting" name="test_vwo_login" time="8.375"/>
  <testcase classname="com.thetestingacademy.tests.vwo.DataDrivenTesting.DataDrivenTesting" name="test_vwo_login" time="8.879"/>
  <testcase classname="com.thetestingacademy.tests.vwo.DataDrivenTesting.DataDrivenTesting" name="test_vwo_login" time="8.603"/>
  <testcase classname="com.thetestingacademy.tests.vwo.DataDrivenTesting.DataDrivenTesting" name="test_vwo_login" time="10.769"/>
  <testcase classname="com.thetestingacademy.tests.vwo.DataDrivenTesting.DataDrivenTesting" name="test_vwo_login" time="8.014"/>
  <testcase classname="com.thetestingacademy.tests.vwo.DataDrivenTesting.DataDrivenTesting" name="test_vwo_login" time="10.161"/>
  <testcase classname="com.thetestingacademy.tests.vwo.DataDrivenTesting.DataDrivenTesting" name="test_vwo_login" time="10.619"/>
  <testcase classname="com.thetestingacademy.tests.vwo.DataDrivenTesting.DataDrivenTesting" name="test_vwo_login" time="7.831"/>
  <testcase classname="com.thetestingacademy.tests.vwo.DataDrivenTesting.DataDrivenTesting" name="test_vwo_login" time="8.783"/>
  <testcase classname="com.thetestingacademy.tests.vwo.DataDrivenTesting.DataDrivenTesting" name="test_vwo_login" time="10.310"/>
  <testcase classname="com.thetestingacademy.tests.vwo.DataDrivenTesting.DataDrivenTesting" name="test_vwo_login" time="10.917"/>
  <testcase classname="com.thetestingacademy.tests.vwo.DataDrivenTesting.DataDrivenTesting" name="test_vwo_login" time="9.177"/>
  <testcase classname="com.thetestingacademy.tests.vwo.DataDrivenTesting.DataDrivenTesting" name="test_vwo_login" time="9.789"/>
  <testcase classname="com.thetestingacademy.tests.vwo.DataDrivenTesting.DataDrivenTesting" name="test_vwo_login" time="9.722"/>
  <testcase classname="com.thetestingacademy.tests.vwo.DataDrivenTesting.DataDrivenTesting" name="test_vwo_login" time="10.678"/>
  <testcase classname="com.thetestingacademy.tests.vwo.DataDrivenTesting.DataDrivenTesting" name="test_vwo_login" time="8.383"/>
  <testcase classname="com.thetestingacademy.tests.vwo.DataDrivenTesting.DataDrivenTesting" name="test_vwo_login" time="10.222"/>
  <testcase classname="com.thetestingacademy.tests.vwo.DataDrivenTesting.DataDrivenTesting" name="test_vwo_login" time="9.663"/>
  <testcase classname="com.thetestingacademy.tests.vwo.DataDrivenTesting.DataDrivenTesting" name="test_vwo_login" time="9.837"/>
  <testcase classname="com.thetestingacademy.tests.vwo.DataDrivenTesting.DataDrivenTesting" name="test_vwo_login" time="9.851"/>
</testsuite> <!-- com.thetestingacademy.tests.vwo.DataDrivenTesting.DataDrivenTesting -->
