<?xml version="1.0" encoding="UTF-8"?>
<!-- Generated by org.testng.reporters.JUnitReportReporter -->
<testsuite hostname="DESKTOP-CJN9AFV" failures="0" tests="1" name="com.thetestingacademy.tests.vwo.pageFactoryTC.TestVWOLogin_PF" time="18.127" errors="0" timestamp="2025-10-05T00:36:53 IST" skipped="0">
  <testcase classname="com.thetestingacademy.tests.vwo.pageFactoryTC.TestVWOLogin_PF" name="testLoginNegativeVWO_PF" time="18.127"/>
</testsuite> <!-- com.thetestingacademy.tests.vwo.pageFactoryTC.TestVWOLogin_PF -->
