<?xml version="1.0" encoding="UTF-8"?>
<!-- Generated by org.testng.reporters.JUnitReportReporter -->
<testsuite hostname="DESKTOP-CJN9AFV" failures="0" tests="2" name="com.thetestingacademy.tests.vwo.pageObjectModelTC.TestVWOLogin_02_Prop_POM" time="31.607" errors="0" timestamp="2025-10-04T13:22:11 IST" skipped="0">
  <testcase classname="com.thetestingacademy.tests.vwo.pageObjectModelTC.TestVWOLogin_02_Prop_POM" name="testLoginPositiveVWO" time="20.911"/>
  <testcase classname="com.thetestingacademy.tests.vwo.pageObjectModelTC.TestVWOLogin_02_Prop_POM" name="test_negative_vwo_login" time="10.696"/>
</testsuite> <!-- com.thetestingacademy.tests.vwo.pageObjectModelTC.TestVWOLogin_02_Prop_POM -->
