<?xml version="1.0" encoding="UTF-8"?>
<!-- Generated by org.testng.reporters.JUnitReportReporter -->
<testsuite hostname="DESKTOP-CJN9AFV" failures="0" tests="20" name="com.thetestingacademy.tests.vwo.pageObjectModelTC.DataDrivenTesting" time="249.317" errors="0" timestamp="2025-10-04T20:32:33 IST" skipped="0">
  <testcase classname="com.thetestingacademy.tests.vwo.pageObjectModelTC.DataDrivenTesting" name="test_vwo_login" time="13.608"/>
  <testcase classname="com.thetestingacademy.tests.vwo.pageObjectModelTC.DataDrivenTesting" name="test_vwo_login" time="11.472"/>
  <testcase classname="com.thetestingacademy.tests.vwo.pageObjectModelTC.DataDrivenTesting" name="test_vwo_login" time="14.115"/>
  <testcase classname="com.thetestingacademy.tests.vwo.pageObjectModelTC.DataDrivenTesting" name="test_vwo_login" time="12.435"/>
  <testcase classname="com.thetestingacademy.tests.vwo.pageObjectModelTC.DataDrivenTesting" name="test_vwo_login" time="11.247"/>
  <testcase classname="com.thetestingacademy.tests.vwo.pageObjectModelTC.DataDrivenTesting" name="test_vwo_login" time="12.364"/>
  <testcase classname="com.thetestingacademy.tests.vwo.pageObjectModelTC.DataDrivenTesting" name="test_vwo_login" time="11.869"/>
  <testcase classname="com.thetestingacademy.tests.vwo.pageObjectModelTC.DataDrivenTesting" name="test_vwo_login" time="12.172"/>
  <testcase classname="com.thetestingacademy.tests.vwo.pageObjectModelTC.DataDrivenTesting" name="test_vwo_login" time="12.680"/>
  <testcase classname="com.thetestingacademy.tests.vwo.pageObjectModelTC.DataDrivenTesting" name="test_vwo_login" time="10.332"/>
  <testcase classname="com.thetestingacademy.tests.vwo.pageObjectModelTC.DataDrivenTesting" name="test_vwo_login" time="12.829"/>
  <testcase classname="com.thetestingacademy.tests.vwo.pageObjectModelTC.DataDrivenTesting" name="test_vwo_login" time="13.587"/>
  <testcase classname="com.thetestingacademy.tests.vwo.pageObjectModelTC.DataDrivenTesting" name="test_vwo_login" time="13.991"/>
  <testcase classname="com.thetestingacademy.tests.vwo.pageObjectModelTC.DataDrivenTesting" name="test_vwo_login" time="15.173"/>
  <testcase classname="com.thetestingacademy.tests.vwo.pageObjectModelTC.DataDrivenTesting" name="test_vwo_login" time="13.394"/>
  <testcase classname="com.thetestingacademy.tests.vwo.pageObjectModelTC.DataDrivenTesting" name="test_vwo_login" time="13.404"/>
  <testcase classname="com.thetestingacademy.tests.vwo.pageObjectModelTC.DataDrivenTesting" name="test_vwo_login" time="10.656"/>
  <testcase classname="com.thetestingacademy.tests.vwo.pageObjectModelTC.DataDrivenTesting" name="test_vwo_login" time="13.025"/>
  <testcase classname="com.thetestingacademy.tests.vwo.pageObjectModelTC.DataDrivenTesting" name="test_vwo_login" time="10.363"/>
  <testcase classname="com.thetestingacademy.tests.vwo.pageObjectModelTC.DataDrivenTesting" name="test_vwo_login" time="10.601"/>
</testsuite> <!-- com.thetestingacademy.tests.vwo.pageObjectModelTC.DataDrivenTesting -->
