<?xml version="1.0" encoding="UTF-8"?>
<!-- Generated by org.testng.reporters.JUnitReportReporter -->
<testsuite hostname="DESKTOP-CJN9AFV" failures="0" tests="2" name="com.thetestingacademy.tests.vwo.pageObjectModelTC.TestVWOLogin_01_Normal_POM" time="33.575" errors="0" timestamp="2025-10-04T12:38:52 IST" skipped="0">
  <testcase classname="com.thetestingacademy.tests.vwo.pageObjectModelTC.TestVWOLogin_01_Normal_POM" name="test_negative_vwo_login" time="12.275"/>
  <testcase classname="com.thetestingacademy.tests.vwo.pageObjectModelTC.TestVWOLogin_01_Normal_POM" name="testLoginPositiveVWO" time="21.300"/>
</testsuite> <!-- com.thetestingacademy.tests.vwo.pageObjectModelTC.TestVWOLogin_01_Normal_POM -->
